\BOOKMARK [1][-]{section.1}{\376\377\137\025\212\000}{}% 1
\BOOKMARK [1][-]{section.2}{\376\377\145\160\143\156\230\204\131\004\164\006}{}% 2
\BOOKMARK [2][-]{subsection.2.1}{\376\377\127\372\116\216\125\106\124\301\166\204\162\171\137\201\135\345\172\013}{section.2}% 3
\BOOKMARK [2][-]{subsection.2.2}{\376\377\127\372\116\216\165\050\142\067\166\204\162\171\137\201\135\345\172\013}{section.2}% 4
\BOOKMARK [1][-]{section.3}{\376\377\136\163\123\360\125\106\124\301\116\367\120\074\122\006\147\220}{}% 5
\BOOKMARK [2][-]{subsection.3.1}{\376\377\162\171\137\201\226\115\176\364}{section.3}% 6
\BOOKMARK [2][-]{subsection.3.2}{\376\377\200\132\174\173\122\006\147\220}{section.3}% 7
\BOOKMARK [2][-]{subsection.3.3}{\376\377\152\041\127\213\147\204\136\372}{section.3}% 8
\BOOKMARK [1][-]{section.4}{\376\377\136\163\123\360\165\050\142\067\116\367\120\074\122\006\147\220}{}% 9
\BOOKMARK [2][-]{subsection.4.1}{\376\377\000R\000F\000M\152\041\127\213\116\313\176\315\123\312\145\071\217\333}{section.4}% 10
\BOOKMARK [2][-]{subsection.4.2}{\376\377\127\372\116\216\000R\000F\000M\166\204\165\050\142\067\116\367\120\074\122\006\174\173\152\041\127\213\147\204\136\372}{section.4}% 11
\BOOKMARK [1][-]{section.5}{\376\377\127\372\116\216\126\376\171\136\176\317\177\121\176\334\166\204\143\250\203\120\174\373\176\337}{}% 12
\BOOKMARK [2][-]{subsection.5.1}{\376\377\143\250\203\120\174\373\176\337\173\200\116\313}{section.5}% 13
\BOOKMARK [2][-]{subsection.5.2}{\376\377\000B\000P\000R\116\052\140\047\123\026\143\222\136\217\143\250\203\120\152\041\127\213}{section.5}% 14
\BOOKMARK [2][-]{subsection.5.3}{\376\377\000N\000G\000C\000F\123\312\000L\000G\000C\000N\143\250\203\120\174\373\176\337\173\227\154\325}{section.5}% 15
\BOOKMARK [2][-]{subsection.5.4}{\376\377\000W\000i\000d\000e\000G\000C\000N\116\052\140\047\123\026\143\222\136\217\143\250\203\120}{section.5}% 16
\BOOKMARK [1][-]{section.6}{\376\377\127\372\116\216\126\376\171\136\176\317\177\121\176\334\166\204\143\250\203\120\174\373\176\337\152\041\127\213\147\204\136\372\123\312\176\323\147\234\122\006\147\220}{}% 17
\BOOKMARK [2][-]{subsection.6.1}{\376\377\133\236\232\214\213\276\177\156}{section.6}% 18
\BOOKMARK [3][-]{subsubsection.6.1.1}{\376\377\133\236\232\214\145\160\143\156\226\306}{subsection.6.1}% 19
\BOOKMARK [3][-]{subsubsection.6.1.2}{\376\377\127\372\176\277\152\041\127\213\123\312\213\304\116\367\143\007\150\007}{subsection.6.1}% 20
\BOOKMARK [3][-]{subsubsection.6.1.3}{\376\377\215\205\123\302\145\160\213\276\177\156}{subsection.6.1}% 21
\BOOKMARK [2][-]{subsection.6.2}{\376\377\176\323\147\234\122\006\147\220}{section.6}% 22
\BOOKMARK [1][-]{section.7}{\376\377\155\210\207\215\133\236\232\214\116\016\145\117\141\037\140\047\122\006\147\220}{}% 23
\BOOKMARK [1][-]{section.8}{\376\377\140\073\176\323}{}% 24
